GAS LISTING /tmp/ccnwkPeZ.s 			page 1


   1              		.file	"new.cpp"
   2              		.option pic
   3              		.option norelax
   4              		.text
   5              	.Ltext0:
   6              		.align	2
   7              		.globl	_Znwm
   9              	_Znwm:
  10              	.LFB0:
  11              		.file 1 "src/new.cpp"
   1:src/new.cpp   **** #include "../h/SyscallC.hpp"
   2:src/new.cpp   **** 
   3:src/new.cpp   **** void* operator new(size_t size) {
  12              		.loc 1 3 33
  13              		.cfi_startproc
  14              	.LVL0:
  15 0000 130101FF 		addi	sp,sp,-16
  16              		.cfi_def_cfa_offset 16
  17 0004 23341100 		sd	ra,8(sp)
  18 0008 23308100 		sd	s0,0(sp)
  19              		.cfi_offset 1, -8
  20              		.cfi_offset 8, -16
  21 000c 13040101 		addi	s0,sp,16
  22              		.cfi_def_cfa 8, 0
   4:src/new.cpp   ****     return mem_alloc(size);
  23              		.loc 1 4 5
  24              		.loc 1 4 21 is_stmt 0
  25 0010 97000000 		call	_Z9mem_allocm@plt
  25      E7800000 
  26              	.LVL1:
   5:src/new.cpp   **** }
  27              		.loc 1 5 1
  28 0018 83308100 		ld	ra,8(sp)
  29              		.cfi_restore 1
  30 001c 03340100 		ld	s0,0(sp)
  31              		.cfi_restore 8
  32              		.cfi_def_cfa 2, 16
  33 0020 13010101 		addi	sp,sp,16
  34              		.cfi_def_cfa_offset 0
  35 0024 67800000 		jr	ra
  36              		.cfi_endproc
  37              	.LFE0:
  39              		.align	2
  40              		.globl	_Znam
  42              	_Znam:
  43              	.LFB1:
   6:src/new.cpp   **** 
   7:src/new.cpp   **** void* operator new[](size_t size) {
  44              		.loc 1 7 35 is_stmt 1
  45              		.cfi_startproc
  46              	.LVL2:
  47 0028 130101FF 		addi	sp,sp,-16
  48              		.cfi_def_cfa_offset 16
  49 002c 23341100 		sd	ra,8(sp)
  50 0030 23308100 		sd	s0,0(sp)
  51              		.cfi_offset 1, -8
  52              		.cfi_offset 8, -16
GAS LISTING /tmp/ccnwkPeZ.s 			page 2


  53 0034 13040101 		addi	s0,sp,16
  54              		.cfi_def_cfa 8, 0
   8:src/new.cpp   ****     return mem_alloc(size);
  55              		.loc 1 8 5
  56              		.loc 1 8 21 is_stmt 0
  57 0038 97000000 		call	_Z9mem_allocm@plt
  57      E7800000 
  58              	.LVL3:
   9:src/new.cpp   **** }
  59              		.loc 1 9 1
  60 0040 83308100 		ld	ra,8(sp)
  61              		.cfi_restore 1
  62 0044 03340100 		ld	s0,0(sp)
  63              		.cfi_restore 8
  64              		.cfi_def_cfa 2, 16
  65 0048 13010101 		addi	sp,sp,16
  66              		.cfi_def_cfa_offset 0
  67 004c 67800000 		jr	ra
  68              		.cfi_endproc
  69              	.LFE1:
  71              		.align	2
  72              		.globl	_ZdlPv
  74              	_ZdlPv:
  75              	.LFB2:
  10:src/new.cpp   **** 
  11:src/new.cpp   **** void operator delete(void* ptr) noexcept {
  76              		.loc 1 11 42 is_stmt 1
  77              		.cfi_startproc
  78              		.cfi_personality 0x9b,DW.ref.__gxx_personality_v0
  79              		.cfi_lsda 0x1b,.LLSDA2
  80              	.LVL4:
  81 0050 130101FF 		addi	sp,sp,-16
  82              		.cfi_def_cfa_offset 16
  83 0054 23341100 		sd	ra,8(sp)
  84 0058 23308100 		sd	s0,0(sp)
  85              		.cfi_offset 1, -8
  86              		.cfi_offset 8, -16
  87 005c 13040101 		addi	s0,sp,16
  88              		.cfi_def_cfa 8, 0
  12:src/new.cpp   ****     mem_free(ptr);
  89              		.loc 1 12 5
  90              		.loc 1 12 13 is_stmt 0
  91 0060 97000000 		call	_Z8mem_freePv@plt
  91      E7800000 
  92              	.LVL5:
  13:src/new.cpp   **** }
  93              		.loc 1 13 1
  94 0068 83308100 		ld	ra,8(sp)
  95              		.cfi_restore 1
  96 006c 03340100 		ld	s0,0(sp)
  97              		.cfi_restore 8
  98              		.cfi_def_cfa 2, 16
  99 0070 13010101 		addi	sp,sp,16
 100              		.cfi_def_cfa_offset 0
 101 0074 67800000 		jr	ra
 102              		.cfi_endproc
 103              	.LFE2:
GAS LISTING /tmp/ccnwkPeZ.s 			page 3


 104              		.globl	__gxx_personality_v0
 105              		.section	.gcc_except_table,"a",@progbits
 106              	.LLSDA2:
 107 0000 FF       		.byte	0xff
 108 0001 FF       		.byte	0xff
 109 0002 03       		.byte	0x3
 110 0003 00       		.byte	0
 111              		.text
 113              		.align	2
 114              		.globl	_ZdaPv
 116              	_ZdaPv:
 117              	.LFB3:
  14:src/new.cpp   **** 
  15:src/new.cpp   **** void operator delete[](void* ptr) noexcept {
 118              		.loc 1 15 44 is_stmt 1
 119              		.cfi_startproc
 120              		.cfi_personality 0x9b,DW.ref.__gxx_personality_v0
 121              		.cfi_lsda 0x1b,.LLSDA3
 122              	.LVL6:
 123 0078 130101FF 		addi	sp,sp,-16
 124              		.cfi_def_cfa_offset 16
 125 007c 23341100 		sd	ra,8(sp)
 126 0080 23308100 		sd	s0,0(sp)
 127              		.cfi_offset 1, -8
 128              		.cfi_offset 8, -16
 129 0084 13040101 		addi	s0,sp,16
 130              		.cfi_def_cfa 8, 0
  16:src/new.cpp   ****     mem_free(ptr);
 131              		.loc 1 16 5
 132              		.loc 1 16 13 is_stmt 0
 133 0088 97000000 		call	_Z8mem_freePv@plt
 133      E7800000 
 134              	.LVL7:
  17:src/new.cpp   **** }
 135              		.loc 1 17 1
 136 0090 83308100 		ld	ra,8(sp)
 137              		.cfi_restore 1
 138 0094 03340100 		ld	s0,0(sp)
 139              		.cfi_restore 8
 140              		.cfi_def_cfa 2, 16
 141 0098 13010101 		addi	sp,sp,16
 142              		.cfi_def_cfa_offset 0
 143 009c 67800000 		jr	ra
 144              		.cfi_endproc
 145              	.LFE3:
 146              		.section	.gcc_except_table
 147              	.LLSDA3:
 148 0004 FF       		.byte	0xff
 149 0005 FF       		.byte	0xff
 150 0006 03       		.byte	0x3
 151 0007 00       		.byte	0
 152              		.text
 154              	.Letext0:
 155              		.file 2 "src/../h/../lib/hw.h"
 156              		.file 3 "src/../h/SyscallC.hpp"
 814              		.align	3
 817              	DW.ref.__gxx_personality_v0:
GAS LISTING /tmp/ccnwkPeZ.s 			page 4


 818 0000 00000000 		.dword	__gxx_personality_v0
 818      00000000 
 819              		.ident	"GCC: (Ubuntu 9.4.0-1ubuntu1~20.04) 9.4.0"
 820              		.section	.note.GNU-stack,"",@progbits
GAS LISTING /tmp/ccnwkPeZ.s 			page 5


DEFINED SYMBOLS
                            *ABS*:0000000000000000 new.cpp
     /tmp/ccnwkPeZ.s:9      .text:0000000000000000 _Znwm
     /tmp/ccnwkPeZ.s:13     .text:0000000000000000 .L0 
     /tmp/ccnwkPeZ.s:15     .text:0000000000000000 .L0 
     /tmp/ccnwkPeZ.s:16     .text:0000000000000004 .L0 
     /tmp/ccnwkPeZ.s:19     .text:000000000000000c .L0 
     /tmp/ccnwkPeZ.s:20     .text:000000000000000c .L0 
     /tmp/ccnwkPeZ.s:22     .text:0000000000000010 .L0 
     /tmp/ccnwkPeZ.s:24     .text:0000000000000010 .L0 
     /tmp/ccnwkPeZ.s:25     .text:0000000000000010 .L0 
     /tmp/ccnwkPeZ.s:28     .text:0000000000000018 .L0 
     /tmp/ccnwkPeZ.s:29     .text:000000000000001c .L0 
     /tmp/ccnwkPeZ.s:31     .text:0000000000000020 .L0 
     /tmp/ccnwkPeZ.s:32     .text:0000000000000020 .L0 
     /tmp/ccnwkPeZ.s:34     .text:0000000000000024 .L0 
     /tmp/ccnwkPeZ.s:36     .text:0000000000000028 .L0 
     /tmp/ccnwkPeZ.s:42     .text:0000000000000028 _Znam
     /tmp/ccnwkPeZ.s:45     .text:0000000000000028 .L0 
     /tmp/ccnwkPeZ.s:47     .text:0000000000000028 .L0 
     /tmp/ccnwkPeZ.s:48     .text:000000000000002c .L0 
     /tmp/ccnwkPeZ.s:51     .text:0000000000000034 .L0 
     /tmp/ccnwkPeZ.s:52     .text:0000000000000034 .L0 
     /tmp/ccnwkPeZ.s:54     .text:0000000000000038 .L0 
     /tmp/ccnwkPeZ.s:56     .text:0000000000000038 .L0 
     /tmp/ccnwkPeZ.s:57     .text:0000000000000038 .L0 
     /tmp/ccnwkPeZ.s:60     .text:0000000000000040 .L0 
     /tmp/ccnwkPeZ.s:61     .text:0000000000000044 .L0 
     /tmp/ccnwkPeZ.s:63     .text:0000000000000048 .L0 
     /tmp/ccnwkPeZ.s:64     .text:0000000000000048 .L0 
     /tmp/ccnwkPeZ.s:66     .text:000000000000004c .L0 
     /tmp/ccnwkPeZ.s:68     .text:0000000000000050 .L0 
     /tmp/ccnwkPeZ.s:74     .text:0000000000000050 _ZdlPv
     /tmp/ccnwkPeZ.s:77     .text:0000000000000050 .L0 
     /tmp/ccnwkPeZ.s:817    .data.rel.local.DW.ref.__gxx_personality_v0:0000000000000000 DW.ref.__gxx_personality_v0
     /tmp/ccnwkPeZ.s:81     .text:0000000000000050 .L0 
     /tmp/ccnwkPeZ.s:82     .text:0000000000000054 .L0 
     /tmp/ccnwkPeZ.s:85     .text:000000000000005c .L0 
     /tmp/ccnwkPeZ.s:86     .text:000000000000005c .L0 
     /tmp/ccnwkPeZ.s:88     .text:0000000000000060 .L0 
     /tmp/ccnwkPeZ.s:90     .text:0000000000000060 .L0 
     /tmp/ccnwkPeZ.s:91     .text:0000000000000060 .L0 
     /tmp/ccnwkPeZ.s:94     .text:0000000000000068 .L0 
     /tmp/ccnwkPeZ.s:95     .text:000000000000006c .L0 
     /tmp/ccnwkPeZ.s:97     .text:0000000000000070 .L0 
     /tmp/ccnwkPeZ.s:98     .text:0000000000000070 .L0 
     /tmp/ccnwkPeZ.s:100    .text:0000000000000074 .L0 
     /tmp/ccnwkPeZ.s:102    .text:0000000000000078 .L0 
     /tmp/ccnwkPeZ.s:116    .text:0000000000000078 _ZdaPv
     /tmp/ccnwkPeZ.s:119    .text:0000000000000078 .L0 
     /tmp/ccnwkPeZ.s:123    .text:0000000000000078 .L0 
     /tmp/ccnwkPeZ.s:124    .text:000000000000007c .L0 
     /tmp/ccnwkPeZ.s:127    .text:0000000000000084 .L0 
     /tmp/ccnwkPeZ.s:128    .text:0000000000000084 .L0 
     /tmp/ccnwkPeZ.s:130    .text:0000000000000088 .L0 
     /tmp/ccnwkPeZ.s:132    .text:0000000000000088 .L0 
     /tmp/ccnwkPeZ.s:133    .text:0000000000000088 .L0 
GAS LISTING /tmp/ccnwkPeZ.s 			page 6


     /tmp/ccnwkPeZ.s:136    .text:0000000000000090 .L0 
     /tmp/ccnwkPeZ.s:137    .text:0000000000000094 .L0 
     /tmp/ccnwkPeZ.s:139    .text:0000000000000098 .L0 
     /tmp/ccnwkPeZ.s:140    .text:0000000000000098 .L0 
     /tmp/ccnwkPeZ.s:142    .text:000000000000009c .L0 
     /tmp/ccnwkPeZ.s:144    .text:00000000000000a0 .L0 
     /tmp/ccnwkPeZ.s:157    .text:00000000000000a0 .L0 
     /tmp/ccnwkPeZ.s:417    .debug_abbrev:0000000000000000 .Ldebug_abbrev0
     /tmp/ccnwkPeZ.s:775    .debug_str:00000000000000cd .LASF30
     /tmp/ccnwkPeZ.s:757    .debug_str:0000000000000044 .LASF31
     /tmp/ccnwkPeZ.s:791    .debug_str:00000000000001fb .LASF32
     /tmp/ccnwkPeZ.s:5      .text:0000000000000000 .Ltext0
     /tmp/ccnwkPeZ.s:154    .text:00000000000000a0 .Letext0
     /tmp/ccnwkPeZ.s:743    .debug_line:0000000000000000 .Ldebug_line0
     /tmp/ccnwkPeZ.s:779    .debug_str:000000000000019f .LASF0
     /tmp/ccnwkPeZ.s:771    .debug_str:00000000000000ae .LASF1
     /tmp/ccnwkPeZ.s:765    .debug_str:0000000000000088 .LASF2
     /tmp/ccnwkPeZ.s:755    .debug_str:000000000000003d .LASF4
     /tmp/ccnwkPeZ.s:769    .debug_str:000000000000009c .LASF3
     /tmp/ccnwkPeZ.s:749    .debug_str:0000000000000021 .LASF5
     /tmp/ccnwkPeZ.s:747    .debug_str:000000000000000e .LASF6
     /tmp/ccnwkPeZ.s:761    .debug_str:0000000000000066 .LASF7
     /tmp/ccnwkPeZ.s:783    .debug_str:00000000000001bc .LASF8
     /tmp/ccnwkPeZ.s:753    .debug_str:000000000000002f .LASF9
     /tmp/ccnwkPeZ.s:809    .debug_str:000000000000027a .LASF10
     /tmp/ccnwkPeZ.s:763    .debug_str:0000000000000079 .LASF11
     /tmp/ccnwkPeZ.s:795    .debug_str:0000000000000231 .LASF12
     /tmp/ccnwkPeZ.s:787    .debug_str:00000000000001e2 .LASF13
     /tmp/ccnwkPeZ.s:773    .debug_str:00000000000000c1 .LASF14
     /tmp/ccnwkPeZ.s:759    .debug_str:0000000000000050 .LASF15
     /tmp/ccnwkPeZ.s:785    .debug_str:00000000000001cc .LASF16
     /tmp/ccnwkPeZ.s:793    .debug_str:000000000000021e .LASF17
     /tmp/ccnwkPeZ.s:751    .debug_str:0000000000000028 .LASF19
     /tmp/ccnwkPeZ.s:117    .text:0000000000000078 .LFB3
     /tmp/ccnwkPeZ.s:145    .text:00000000000000a0 .LFE3
     /tmp/ccnwkPeZ.s:674    .debug_loc:0000000000000000 .LLST3
     /tmp/ccnwkPeZ.s:134    .text:0000000000000090 .LVL7
     /tmp/ccnwkPeZ.s:781    .debug_str:00000000000001ac .LASF18
     /tmp/ccnwkPeZ.s:797    .debug_str:0000000000000241 .LASF20
     /tmp/ccnwkPeZ.s:75     .text:0000000000000050 .LFB2
     /tmp/ccnwkPeZ.s:103    .text:0000000000000078 .LFE2
     /tmp/ccnwkPeZ.s:688    .debug_loc:0000000000000039 .LLST2
     /tmp/ccnwkPeZ.s:92     .text:0000000000000068 .LVL5
     /tmp/ccnwkPeZ.s:803    .debug_str:000000000000025f .LASF22
     /tmp/ccnwkPeZ.s:767    .debug_str:0000000000000096 .LASF24
     /tmp/ccnwkPeZ.s:43     .text:0000000000000028 .LFB1
     /tmp/ccnwkPeZ.s:69     .text:0000000000000050 .LFE1
     /tmp/ccnwkPeZ.s:805    .debug_str:000000000000026f .LASF21
     /tmp/ccnwkPeZ.s:702    .debug_loc:0000000000000072 .LLST1
     /tmp/ccnwkPeZ.s:58     .text:0000000000000040 .LVL3
     /tmp/ccnwkPeZ.s:799    .debug_str:0000000000000248 .LASF23
     /tmp/ccnwkPeZ.s:807    .debug_str:0000000000000274 .LASF25
     /tmp/ccnwkPeZ.s:10     .text:0000000000000000 .LFB0
     /tmp/ccnwkPeZ.s:37     .text:0000000000000028 .LFE0
     /tmp/ccnwkPeZ.s:716    .debug_loc:00000000000000ab .LLST0
     /tmp/ccnwkPeZ.s:26     .text:0000000000000018 .LVL1
     /tmp/ccnwkPeZ.s:745    .debug_str:0000000000000000 .LASF26
GAS LISTING /tmp/ccnwkPeZ.s 			page 7


     /tmp/ccnwkPeZ.s:789    .debug_str:00000000000001f2 .LASF28
     /tmp/ccnwkPeZ.s:777    .debug_str:0000000000000191 .LASF27
     /tmp/ccnwkPeZ.s:801    .debug_str:0000000000000255 .LASF29
     /tmp/ccnwkPeZ.s:122    .text:0000000000000078 .LVL6
     /tmp/ccnwkPeZ.s:80     .text:0000000000000050 .LVL4
     /tmp/ccnwkPeZ.s:46     .text:0000000000000028 .LVL2
     /tmp/ccnwkPeZ.s:14     .text:0000000000000000 .LVL0
     /tmp/ccnwkPeZ.s:158    .debug_info:0000000000000000 .Ldebug_info0
     /tmp/ccnwkPeZ.s:106    .gcc_except_table:0000000000000000 .LLSDA2
     /tmp/ccnwkPeZ.s:147    .gcc_except_table:0000000000000004 .LLSDA3

UNDEFINED SYMBOLS
_Z9mem_allocm
_Z8mem_freePv
__gxx_personality_v0
